#
# There is insufficient memory for the Java Runtime Environment to continue.
# Native memory allocation (malloc) failed to allocate 1126592 bytes for Chunk::new
# Possible reasons:
#   The system is out of physical RAM or swap space
#   The process is running with CompressedOops enabled, and the Java Heap may be blocking the growth of the native heap
# Possible solutions:
#   Reduce memory load on the system
#   Increase physical memory or swap space
#   Check if swap backing store is full
#   Decrease Java heap size (-Xmx/-Xms)
#   Decrease number of Java threads
#   Decrease Java thread stack sizes (-Xss)
#   Set larger code cache with -XX:ReservedCodeCacheSize=
#   JVM is running with Zero Based Compressed Oops mode in which the Java heap is
#     placed in the first 32GB address space. The Java Heap base address is the
#     maximum limit for the native heap growth. Please use -XX:HeapBaseMinAddress
#     to set the Java Heap base and to place the Java Heap above 32GB virtual address.
# This output file may be truncated or incomplete.
#
#  Out of Memory Error (arena.cpp:191), pid=231404, tid=199748
#
# JRE version: OpenJDK Runtime Environment Corretto-17.0.10.7.1 (17.0.10+7) (build 17.0.10+7-LTS)
# Java VM: OpenJDK 64-Bit Server VM Corretto-17.0.10.7.1 (17.0.10+7-LTS, mixed mode, sharing, tiered, compressed oops, compressed class ptrs, g1 gc, windows-amd64)
# No core dump will be written. Minidumps are not enabled by default on client versions of Windows
#

---------------  S U M M A R Y ------------

Command Line: -javaagent:C:\Program Files\JetBrains\IntelliJ IDEA Community Edition 2023.3.4\lib\idea_rt.jar=62541:C:\Program Files\JetBrains\IntelliJ IDEA Community Edition 2023.3.4\bin -Dfile.encoding=UTF-8 com.app.rest.SpringBootRestApplication

Host: AMD Ryzen 7 4700U with Radeon Graphics         , 8 cores, 15G,  Windows 11 , 64 bit Build 22000 (10.0.22000.2538)
Time: Thu Apr  4 19:01:37 2024 Hora verano Sudamérica Pacífico elapsed time: 0.487450 seconds (0d 0h 0m 0s)

---------------  T H R E A D  ---------------

Current thread (0x00000287e3845460):  JavaThread "C2 CompilerThread0" daemon [_thread_in_native, id=199748, stack(0x000000cb60200000,0x000000cb60300000)]


Current CompileTask:
C2:    487  694   !   4       jdk.internal.loader.URLClassPath$JarLoader::getResource (65 bytes)

Stack: [0x000000cb60200000,0x000000cb60300000]
Native frames: (J=compiled Java code, j=interpreted, Vv=VM code, C=native code)
V  [jvm.dll+0x67d2c9]
V  [jvm.dll+0x834b1a]
V  [jvm.dll+0x8365de]
V  [jvm.dll+0x836c43]
V  [jvm.dll+0x2477ff]
V  [jvm.dll+0xac514]
V  [jvm.dll+0xacb5c]
V  [jvm.dll+0x3667d7]
V  [jvm.dll+0x1bcd86]
V  [jvm.dll+0x21a049]
V  [jvm.dll+0x219311]
V  [jvm.dll+0x1a502d]
V  [jvm.dll+0x2290de]
V  [jvm.dll+0x2272ac]
V  [jvm.dll+0x7e9bd7]
V  [jvm.dll+0x7e3fda]
V  [jvm.dll+0x67c1b5]
C  [ucrtbase.dll+0x26c0c]
C  [KERNEL32.DLL+0x153e0]
C  [ntdll.dll+0x485b]


---------------  P R O C E S S  ---------------

Threads class SMR info:
_java_thread_list=0x00000288295cdf30, length=15, elements={
0x00000287c0d42580, 0x00000287e382fc90, 0x00000287e3831920, 0x00000287e3842220,
0x00000287e3842be0, 0x00000287e38435a0, 0x00000287e3843f60, 0x00000287e3845460,
0x00000287e3849410, 0x00000287e3857e40, 0x00000287e31b65d0, 0x00000287e3aeb180,
0x00000287e3ae8d60, 0x00000288290293a0, 0x00000288297169d0
}

Java Threads: ( => current thread )
  0x00000287c0d42580 JavaThread "main" [_thread_in_vm, id=217192, stack(0x000000cb5f500000,0x000000cb5f600000)]
  0x00000287e382fc90 JavaThread "Reference Handler" daemon [_thread_blocked, id=223860, stack(0x000000cb5fc00000,0x000000cb5fd00000)]
  0x00000287e3831920 JavaThread "Finalizer" daemon [_thread_blocked, id=207000, stack(0x000000cb5fd00000,0x000000cb5fe00000)]
  0x00000287e3842220 JavaThread "Signal Dispatcher" daemon [_thread_blocked, id=109248, stack(0x000000cb5fe00000,0x000000cb5ff00000)]
  0x00000287e3842be0 JavaThread "Attach Listener" daemon [_thread_blocked, id=203484, stack(0x000000cb5ff00000,0x000000cb60000000)]
  0x00000287e38435a0 JavaThread "Service Thread" daemon [_thread_blocked, id=228336, stack(0x000000cb60000000,0x000000cb60100000)]
  0x00000287e3843f60 JavaThread "Monitor Deflation Thread" daemon [_thread_blocked, id=185880, stack(0x000000cb60100000,0x000000cb60200000)]
=>0x00000287e3845460 JavaThread "C2 CompilerThread0" daemon [_thread_in_native, id=199748, stack(0x000000cb60200000,0x000000cb60300000)]
  0x00000287e3849410 JavaThread "C1 CompilerThread0" daemon [_thread_in_native, id=171776, stack(0x000000cb60300000,0x000000cb60400000)]
  0x00000287e3857e40 JavaThread "Sweeper thread" daemon [_thread_blocked, id=192376, stack(0x000000cb60400000,0x000000cb60500000)]
  0x00000287e31b65d0 JavaThread "Common-Cleaner" daemon [_thread_blocked, id=225908, stack(0x000000cb60500000,0x000000cb60600000)]
  0x00000287e3aeb180 JavaThread "C2 CompilerThread1" daemon [_thread_in_native, id=202760, stack(0x000000cb60600000,0x000000cb60700000)]
  0x00000287e3ae8d60 JavaThread "Monitor Ctrl-Break" daemon [_thread_in_native, id=204624, stack(0x000000cb60700000,0x000000cb60800000)]
  0x00000288290293a0 JavaThread "Notification Thread" daemon [_thread_blocked, id=220120, stack(0x000000cb60800000,0x000000cb60900000)]
  0x00000288297169d0 JavaThread "C2 CompilerThread2" daemon [_thread_blocked, id=231352, stack(0x000000cb60a00000,0x000000cb60b00000)]

Other Threads:
  0x00000287e38294d0 VMThread "VM Thread" [stack: 0x000000cb5fb00000,0x000000cb5fc00000] [id=225816]
  0x0000028829193240 WatcherThread [stack: 0x000000cb60900000,0x000000cb60a00000] [id=233960]
  0x00000287c0dad780 GCTaskThread "GC Thread#0" [stack: 0x000000cb5f600000,0x000000cb5f700000] [id=134816]
  0x00000287c0dc13d0 ConcurrentGCThread "G1 Main Marker" [stack: 0x000000cb5f700000,0x000000cb5f800000] [id=233312]
  0x00000287c0dc2490 ConcurrentGCThread "G1 Conc#0" [stack: 0x000000cb5f800000,0x000000cb5f900000] [id=223296]
  0x00000287e30858d0 ConcurrentGCThread "G1 Refine#0" [stack: 0x000000cb5f900000,0x000000cb5fa00000] [id=225840]
  0x00000287e3086110 ConcurrentGCThread "G1 Service" [stack: 0x000000cb5fa00000,0x000000cb5fb00000] [id=212624]

Threads with active compile tasks:
C2 CompilerThread0      500  694   !   4       jdk.internal.loader.URLClassPath$JarLoader::getResource (65 bytes)
C1 CompilerThread0      500  888       3       java.lang.Package::isSealed (26 bytes)
C2 CompilerThread1      500  692       4       java.util.jar.JarFile::getEntry (35 bytes)

VM state: not at safepoint (normal execution)

VM Mutex/Monitor currently owned by a thread: None

Heap address: 0x000000070a200000, size: 3934 MB, Compressed Oops mode: Zero based, Oop shift amount: 3

CDS archive(s) mapped at: [0x00000287e4000000-0x00000287e4bb0000-0x00000287e4bb0000), size 12255232, SharedBaseAddress: 0x00000287e4000000, ArchiveRelocationMode: 1.
Compressed class space mapped at: 0x00000287e5000000-0x0000028825000000, reserved size: 1073741824
Narrow klass base: 0x00000287e4000000, Narrow klass shift: 0, Narrow klass range: 0x100000000

GC Precious Log:
 CPUs: 8 total, 8 available
 Memory: 15734M
 Large Page Support: Disabled
 NUMA Support: Disabled
 Compressed Oops: Enabled (Zero based)
 Heap Region Size: 2M
 Heap Min Capacity: 8M
 Heap Initial Capacity: 246M
 Heap Max Capacity: 3934M
 Pre-touch: Disabled
 Parallel Workers: 8
 Concurrent Workers: 2
 Concurrent Refinement Workers: 8
 Periodic GC: Disabled

Heap:
 garbage-first heap   total 251904K, used 16384K [0x000000070a200000, 0x0000000800000000)
  region size 2048K, 9 young (18432K), 0 survivors (0K)
 Metaspace       used 4146K, committed 4352K, reserved 1114112K
  class space    used 457K, committed 576K, reserved 1048576K

Heap Regions: E=young(eden), S=young(survivor), O=old, HS=humongous(starts), HC=humongous(continues), CS=collection set, F=free, OA=open archive, CA=closed archive, TAMS=top-at-mark-start (previous, next)
|   0|0x000000070a200000, 0x000000070a200000, 0x000000070a400000|  0%| F|  |TAMS 0x000000070a200000, 0x000000070a200000| Untracked 
|   1|0x000000070a400000, 0x000000070a400000, 0x000000070a600000|  0%| F|  |TAMS 0x000000070a400000, 0x000000070a400000| Untracked 
|   2|0x000000070a600000, 0x000000070a600000, 0x000000070a800000|  0%| F|  |TAMS 0x000000070a600000, 0x000000070a600000| Untracked 
|   3|0x000000070a800000, 0x000000070a800000, 0x000000070aa00000|  0%| F|  |TAMS 0x000000070a800000, 0x000000070a800000| Untracked 
|   4|0x000000070aa00000, 0x000000070aa00000, 0x000000070ac00000|  0%| F|  |TAMS 0x000000070aa00000, 0x000000070aa00000| Untracked 
|   5|0x000000070ac00000, 0x000000070ac00000, 0x000000070ae00000|  0%| F|  |TAMS 0x000000070ac00000, 0x000000070ac00000| Untracked 
|   6|0x000000070ae00000, 0x000000070ae00000, 0x000000070b000000|  0%| F|  |TAMS 0x000000070ae00000, 0x000000070ae00000| Untracked 
|   7|0x000000070b000000, 0x000000070b000000, 0x000000070b200000|  0%| F|  |TAMS 0x000000070b000000, 0x000000070b000000| Untracked 
|   8|0x000000070b200000, 0x000000070b200000, 0x000000070b400000|  0%| F|  |TAMS 0x000000070b200000, 0x000000070b200000| Untracked 
|   9|0x000000070b400000, 0x000000070b400000, 0x000000070b600000|  0%| F|  |TAMS 0x000000070b400000, 0x000000070b400000| Untracked 
|  10|0x000000070b600000, 0x000000070b600000, 0x000000070b800000|  0%| F|  |TAMS 0x000000070b600000, 0x000000070b600000| Untracked 
|  11|0x000000070b800000, 0x000000070b800000, 0x000000070ba00000|  0%| F|  |TAMS 0x000000070b800000, 0x000000070b800000| Untracked 
|  12|0x000000070ba00000, 0x000000070ba00000, 0x000000070bc00000|  0%| F|  |TAMS 0x000000070ba00000, 0x000000070ba00000| Untracked 
|  13|0x000000070bc00000, 0x000000070bc00000, 0x000000070be00000|  0%| F|  |TAMS 0x000000070bc00000, 0x000000070bc00000| Untracked 
|  14|0x000000070be00000, 0x000000070be00000, 0x000000070c000000|  0%| F|  |TAMS 0x000000070be00000, 0x000000070be00000| Untracked 
|  15|0x000000070c000000, 0x000000070c000000, 0x000000070c200000|  0%| F|  |TAMS 0x000000070c000000, 0x000000070c000000| Untracked 
|  16|0x000000070c200000, 0x000000070c200000, 0x000000070c400000|  0%| F|  |TAMS 0x000000070c200000, 0x000000070c200000| Untracked 
|  17|0x000000070c400000, 0x000000070c400000, 0x000000070c600000|  0%| F|  |TAMS 0x000000070c400000, 0x000000070c400000| Untracked 
|  18|0x000000070c600000, 0x000000070c600000, 0x000000070c800000|  0%| F|  |TAMS 0x000000070c600000, 0x000000070c600000| Untracked 
|  19|0x000000070c800000, 0x000000070c800000, 0x000000070ca00000|  0%| F|  |TAMS 0x000000070c800000, 0x000000070c800000| Untracked 
|  20|0x000000070ca00000, 0x000000070ca00000, 0x000000070cc00000|  0%| F|  |TAMS 0x000000070ca00000, 0x000000070ca00000| Untracked 
|  21|0x000000070cc00000, 0x000000070cc00000, 0x000000070ce00000|  0%| F|  |TAMS 0x000000070cc00000, 0x000000070cc00000| Untracked 
|  22|0x000000070ce00000, 0x000000070ce00000, 0x000000070d000000|  0%| F|  |TAMS 0x000000070ce00000, 0x000000070ce00000| Untracked 
|  23|0x000000070d000000, 0x000000070d000000, 0x000000070d200000|  0%| F|  |TAMS 0x000000070d000000, 0x000000070d000000| Untracked 
|  24|0x000000070d200000, 0x000000070d200000, 0x000000070d400000|  0%| F|  |TAMS 0x000000070d200000, 0x000000070d200000| Untracked 
|  25|0x000000070d400000, 0x000000070d400000, 0x000000070d600000|  0%| F|  |TAMS 0x000000070d400000, 0x000000070d400000| Untracked 
|  26|0x000000070d600000, 0x000000070d600000, 0x000000070d800000|  0%| F|  |TAMS 0x000000070d600000, 0x000000070d600000| Untracked 
|  27|0x000000070d800000, 0x000000070d800000, 0x000000070da00000|  0%| F|  |TAMS 0x000000070d800000, 0x000000070d800000| Untracked 
|  28|0x000000070da00000, 0x000000070da00000, 0x000000070dc00000|  0%| F|  |TAMS 0x000000070da00000, 0x000000070da00000| Untracked 
|  29|0x000000070dc00000, 0x000000070dc00000, 0x000000070de00000|  0%| F|  |TAMS 0x000000070dc00000, 0x000000070dc00000| Untracked 
|  30|0x000000070de00000, 0x000000070de00000, 0x000000070e000000|  0%| F|  |TAMS 0x000000070de00000, 0x000000070de00000| Untracked 
|  31|0x000000070e000000, 0x000000070e000000, 0x000000070e200000|  0%| F|  |TAMS 0x000000070e000000, 0x000000070e000000| Untracked 
|  32|0x000000070e200000, 0x000000070e200000, 0x000000070e400000|  0%| F|  |TAMS 0x000000070e200000, 0x000000070e200000| Untracked 
|  33|0x000000070e400000, 0x000000070e400000, 0x000000070e600000|  0%| F|  |TAMS 0x000000070e400000, 0x000000070e400000| Untracked 
|  34|0x000000070e600000, 0x000000070e600000, 0x000000070e800000|  0%| F|  |TAMS 0x000000070e600000, 0x000000070e600000| Untracked 
|  35|0x000000070e800000, 0x000000070e800000, 0x000000070ea00000|  0%| F|  |TAMS 0x000000070e800000, 0x000000070e800000| Untracked 
|  36|0x000000070ea00000, 0x000000070ea00000, 0x000000070ec00000|  0%| F|  |TAMS 0x000000070ea00000, 0x000000070ea00000| Untracked 
|  37|0x000000070ec00000, 0x000000070ec00000, 0x000000070ee00000|  0%| F|  |TAMS 0x000000070ec00000, 0x000000070ec00000| Untracked 
|  38|0x000000070ee00000, 0x000000070ee00000, 0x000000070f000000|  0%| F|  |TAMS 0x000000070ee00000, 0x000000070ee00000| Untracked 
|  39|0x000000070f000000, 0x000000070f000000, 0x000000070f200000|  0%| F|  |TAMS 0x000000070f000000, 0x000000070f000000| Untracked 
|  40|0x000000070f200000, 0x000000070f200000, 0x000000070f400000|  0%| F|  |TAMS 0x000000070f200000, 0x000000070f200000| Untracked 
|  41|0x000000070f400000, 0x000000070f400000, 0x000000070f600000|  0%| F|  |TAMS 0x000000070f400000, 0x000000070f400000| Untracked 
|  42|0x000000070f600000, 0x000000070f600000, 0x000000070f800000|  0%| F|  |TAMS 0x000000070f600000, 0x000000070f600000| Untracked 
|  43|0x000000070f800000, 0x000000070f800000, 0x000000070fa00000|  0%| F|  |TAMS 0x000000070f800000, 0x000000070f800000| Untracked 
|  44|0x000000070fa00000, 0x000000070fa00000, 0x000000070fc00000|  0%| F|  |TAMS 0x000000070fa00000, 0x000000070fa00000| Untracked 
|  45|0x000000070fc00000, 0x000000070fc00000, 0x000000070fe00000|  0%| F|  |TAMS 0x000000070fc00000, 0x000000070fc00000| Untracked 
|  46|0x000000070fe00000, 0x000000070fe00000, 0x0000000710000000|  0%| F|  |TAMS 0x000000070fe00000, 0x000000070fe00000| Untracked 
|  47|0x0000000710000000, 0x0000000710000000, 0x0000000710200000|  0%| F|  |TAMS 0x0000000710000000, 0x0000000710000000| Untracked 
|  48|0x0000000710200000, 0x0000000710200000, 0x0000000710400000|  0%| F|  |TAMS 0x0000000710200000, 0x0000000710200000| Untracked 
|  49|0x0000000710400000, 0x0000000710400000, 0x0000000710600000|  0%| F|  |TAMS 0x0000000710400000, 0x0000000710400000| Untracked 
|  50|0x0000000710600000, 0x0000000710600000, 0x0000000710800000|  0%| F|  |TAMS 0x0000000710600000, 0x0000000710600000| Untracked 
|  51|0x0000000710800000, 0x0000000710800000, 0x0000000710a00000|  0%| F|  |TAMS 0x0000000710800000, 0x0000000710800000| Untracked 
|  52|0x0000000710a00000, 0x0000000710a00000, 0x0000000710c00000|  0%| F|  |TAMS 0x0000000710a00000, 0x0000000710a00000| Untracked 
|  53|0x0000000710c00000, 0x0000000710c00000, 0x0000000710e00000|  0%| F|  |TAMS 0x0000000710c00000, 0x0000000710c00000| Untracked 
|  54|0x0000000710e00000, 0x0000000710e00000, 0x0000000711000000|  0%| F|  |TAMS 0x0000000710e00000, 0x0000000710e00000| Untracked 
|  55|0x0000000711000000, 0x0000000711000000, 0x0000000711200000|  0%| F|  |TAMS 0x0000000711000000, 0x0000000711000000| Untracked 
|  56|0x0000000711200000, 0x0000000711200000, 0x0000000711400000|  0%| F|  |TAMS 0x0000000711200000, 0x0000000711200000| Untracked 
|  57|0x0000000711400000, 0x0000000711400000, 0x0000000711600000|  0%| F|  |TAMS 0x0000000711400000, 0x0000000711400000| Untracked 
|  58|0x0000000711600000, 0x0000000711600000, 0x0000000711800000|  0%| F|  |TAMS 0x0000000711600000, 0x0000000711600000| Untracked 
|  59|0x0000000711800000, 0x0000000711800000, 0x0000000711a00000|  0%| F|  |TAMS 0x0000000711800000, 0x0000000711800000| Untracked 
|  60|0x0000000711a00000, 0x0000000711a00000, 0x0000000711c00000|  0%| F|  |TAMS 0x0000000711a00000, 0x0000000711a00000| Untracked 
|  61|0x0000000711c00000, 0x0000000711c00000, 0x0000000711e00000|  0%| F|  |TAMS 0x0000000711c00000, 0x0000000711c00000| Untracked 
|  62|0x0000000711e00000, 0x0000000711e00000, 0x0000000712000000|  0%| F|  |TAMS 0x0000000711e00000, 0x0000000711e00000| Untracked 
|  63|0x0000000712000000, 0x0000000712000000, 0x0000000712200000|  0%| F|  |TAMS 0x0000000712000000, 0x0000000712000000| Untracked 
|  64|0x0000000712200000, 0x0000000712200000, 0x0000000712400000|  0%| F|  |TAMS 0x0000000712200000, 0x0000000712200000| Untracked 
|  65|0x0000000712400000, 0x0000000712400000, 0x0000000712600000|  0%| F|  |TAMS 0x0000000712400000, 0x0000000712400000| Untracked 
|  66|0x0000000712600000, 0x0000000712600000, 0x0000000712800000|  0%| F|  |TAMS 0x0000000712600000, 0x0000000712600000| Untracked 
|  67|0x0000000712800000, 0x0000000712800000, 0x0000000712a00000|  0%| F|  |TAMS 0x0000000712800000, 0x0000000712800000| Untracked 
|  68|0x0000000712a00000, 0x0000000712a00000, 0x0000000712c00000|  0%| F|  |TAMS 0x0000000712a00000, 0x0000000712a00000| Untracked 
|  69|0x0000000712c00000, 0x0000000712c00000, 0x0000000712e00000|  0%| F|  |TAMS 0x0000000712c00000, 0x0000000712c00000| Untracked 
|  70|0x0000000712e00000, 0x0000000712e00000, 0x0000000713000000|  0%| F|  |TAMS 0x0000000712e00000, 0x0000000712e00000| Untracked 
|  71|0x0000000713000000, 0x0000000713000000, 0x0000000713200000|  0%| F|  |TAMS 0x0000000713000000, 0x0000000713000000| Untracked 
|  72|0x0000000713200000, 0x0000000713200000, 0x0000000713400000|  0%| F|  |TAMS 0x0000000713200000, 0x0000000713200000| Untracked 
|  73|0x0000000713400000, 0x0000000713400000, 0x0000000713600000|  0%| F|  |TAMS 0x0000000713400000, 0x0000000713400000| Untracked 
|  74|0x0000000713600000, 0x0000000713600000, 0x0000000713800000|  0%| F|  |TAMS 0x0000000713600000, 0x0000000713600000| Untracked 
|  75|0x0000000713800000, 0x0000000713800000, 0x0000000713a00000|  0%| F|  |TAMS 0x0000000713800000, 0x0000000713800000| Untracked 
|  76|0x0000000713a00000, 0x0000000713a00000, 0x0000000713c00000|  0%| F|  |TAMS 0x0000000713a00000, 0x0000000713a00000| Untracked 
|  77|0x0000000713c00000, 0x0000000713c00000, 0x0000000713e00000|  0%| F|  |TAMS 0x0000000713c00000, 0x0000000713c00000| Untracked 
|  78|0x0000000713e00000, 0x0000000713e00000, 0x0000000714000000|  0%| F|  |TAMS 0x0000000713e00000, 0x0000000713e00000| Untracked 
|  79|0x0000000714000000, 0x0000000714000000, 0x0000000714200000|  0%| F|  |TAMS 0x0000000714000000, 0x0000000714000000| Untracked 
|  80|0x0000000714200000, 0x0000000714200000, 0x0000000714400000|  0%| F|  |TAMS 0x0000000714200000, 0x0000000714200000| Untracked 
|  81|0x0000000714400000, 0x0000000714400000, 0x0000000714600000|  0%| F|  |TAMS 0x0000000714400000, 0x0000000714400000| Untracked 
|  82|0x0000000714600000, 0x0000000714600000, 0x0000000714800000|  0%| F|  |TAMS 0x0000000714600000, 0x0000000714600000| Untracked 
|  83|0x0000000714800000, 0x0000000714800000, 0x0000000714a00000|  0%| F|  |TAMS 0x0000000714800000, 0x0000000714800000| Untracked 
|  84|0x0000000714a00000, 0x0000000714a00000, 0x0000000714c00000|  0%| F|  |TAMS 0x0000000714a00000, 0x0000000714a00000| Untracked 
|  85|0x0000000714c00000, 0x0000000714c00000, 0x0000000714e00000|  0%| F|  |TAMS 0x0000000714c00000, 0x0000000714c00000| Untracked 
|  86|0x0000000714e00000, 0x0000000714e00000, 0x0000000715000000|  0%| F|  |TAMS 0x0000000714e00000, 0x0000000714e00000| Untracked 
|  87|0x0000000715000000, 0x0000000715000000, 0x0000000715200000|  0%| F|  |TAMS 0x0000000715000000, 0x0000000715000000| Untracked 
|  88|0x0000000715200000, 0x0000000715200000, 0x0000000715400000|  0%| F|  |TAMS 0x0000000715200000, 0x0000000715200000| Untracked 
|  89|0x0000000715400000, 0x0000000715400000, 0x0000000715600000|  0%| F|  |TAMS 0x0000000715400000, 0x0000000715400000| Untracked 
|  90|0x0000000715600000, 0x0000000715600000, 0x0000000715800000|  0%| F|  |TAMS 0x0000000715600000, 0x0000000715600000| Untracked 
|  91|0x0000000715800000, 0x0000000715800000, 0x0000000715a00000|  0%| F|  |TAMS 0x0000000715800000, 0x0000000715800000| Untracked 
|  92|0x0000000715a00000, 0x0000000715a00000, 0x0000000715c00000|  0%| F|  |TAMS 0x0000000715a00000, 0x0000000715a00000| Untracked 
|  93|0x0000000715c00000, 0x0000000715c00000, 0x0000000715e00000|  0%| F|  |TAMS 0x0000000715c00000, 0x0000000715c00000| Untracked 
|  94|0x0000000715e00000, 0x0000000715e00000, 0x0000000716000000|  0%| F|  |TAMS 0x0000000715e00000, 0x0000000715e00000| Untracked 
|  95|0x0000000716000000, 0x0000000716000000, 0x0000000716200000|  0%| F|  |TAMS 0x0000000716000000, 0x0000000716000000| Untracked 
|  96|0x0000000716200000, 0x0000000716200000, 0x0000000716400000|  0%| F|  |TAMS 0x0000000716200000, 0x0000000716200000| Untracked 
|  97|0x0000000716400000, 0x0000000716400000, 0x0000000716600000|  0%| F|  |TAMS 0x0000000716400000, 0x0000000716400000| Untracked 
|  98|0x0000000716600000, 0x0000000716600000, 0x0000000716800000|  0%| F|  |TAMS 0x0000000716600000, 0x0000000716600000| Untracked 
|  99|0x0000000716800000, 0x0000000716800000, 0x0000000716a00000|  0%| F|  |TAMS 0x0000000716800000, 0x0000000716800000| Untracked 
| 100|0x0000000716a00000, 0x0000000716a00000, 0x0000000716c00000|  0%| F|  |TAMS 0x0000000716a00000, 0x0000000716a00000| Untracked 
| 101|0x0000000716c00000, 0x0000000716c00000, 0x0000000716e00000|  0%| F|  |TAMS 0x0000000716c00000, 0x0000000716c00000| Untracked 
| 102|0x0000000716e00000, 0x0000000716e00000, 0x0000000717000000|  0%| F|  |TAMS 0x0000000716e00000, 0x0000000716e00000| Untracked 
| 103|0x0000000717000000, 0x0000000717000000, 0x0000000717200000|  0%| F|  |TAMS 0x0000000717000000, 0x0000000717000000| Untracked 
| 104|0x0000000717200000, 0x0000000717200000, 0x0000000717400000|  0%| F|  |TAMS 0x0000000717200000, 0x0000000717200000| Untracked 
| 105|0x0000000717400000, 0x0000000717400000, 0x0000000717600000|  0%| F|  |TAMS 0x0000000717400000, 0x0000000717400000| Untracked 
| 106|0x0000000717600000, 0x0000000717600000, 0x0000000717800000|  0%| F|  |TAMS 0x0000000717600000, 0x0000000717600000| Untracked 
| 107|0x0000000717800000, 0x0000000717800000, 0x0000000717a00000|  0%| F|  |TAMS 0x0000000717800000, 0x0000000717800000| Untracked 
| 108|0x0000000717a00000, 0x0000000717a00000, 0x0000000717c00000|  0%| F|  |TAMS 0x0000000717a00000, 0x0000000717a00000| Untracked 
| 109|0x0000000717c00000, 0x0000000717c00000, 0x0000000717e00000|  0%| F|  |TAMS 0x0000000717c00000, 0x0000000717c00000| Untracked 
| 110|0x0000000717e00000, 0x0000000717e00000, 0x0000000718000000|  0%| F|  |TAMS 0x0000000717e00000, 0x0000000717e00000| Untracked 
| 111|0x0000000718000000, 0x0000000718000000, 0x0000000718200000|  0%| F|  |TAMS 0x0000000718000000, 0x0000000718000000| Untracked 
| 112|0x0000000718200000, 0x0000000718200000, 0x0000000718400000|  0%| F|  |TAMS 0x0000000718200000, 0x0000000718200000| Untracked 
| 113|0x0000000718400000, 0x0000000718400000, 0x0000000718600000|  0%| F|  |TAMS 0x0000000718400000, 0x0000000718400000| Untracked 
| 114|0x0000000718600000, 0x00000007186e1f68, 0x0000000718800000| 44%| E|  |TAMS 0x0000000718600000, 0x0000000718600000| Complete 
| 115|0x0000000718800000, 0x0000000718a00000, 0x0000000718a00000|100%| E|CS|TAMS 0x0000000718800000, 0x0000000718800000| Complete 
| 116|0x0000000718a00000, 0x0000000718c00000, 0x0000000718c00000|100%| E|CS|TAMS 0x0000000718a00000, 0x0000000718a00000| Complete 
| 117|0x0000000718c00000, 0x0000000718e00000, 0x0000000718e00000|100%| E|CS|TAMS 0x0000000718c00000, 0x0000000718c00000| Complete 
| 118|0x0000000718e00000, 0x0000000719000000, 0x0000000719000000|100%| E|CS|TAMS 0x0000000718e00000, 0x0000000718e00000| Complete 
| 119|0x0000000719000000, 0x0000000719200000, 0x0000000719200000|100%| E|CS|TAMS 0x0000000719000000, 0x0000000719000000| Complete 
| 120|0x0000000719200000, 0x0000000719400000, 0x0000000719400000|100%| E|CS|TAMS 0x0000000719200000, 0x0000000719200000| Complete 
| 121|0x0000000719400000, 0x0000000719600000, 0x0000000719600000|100%| E|CS|TAMS 0x0000000719400000, 0x0000000719400000| Complete 
| 122|0x0000000719600000, 0x0000000719800000, 0x0000000719800000|100%| E|CS|TAMS 0x0000000719600000, 0x0000000719600000| Complete 

Card table byte_map: [0x00000287d8340000,0x00000287d8af0000] _byte_map_base: 0x00000287d4aef000

Marking Bits (Prev, Next): (CMBitMap*) 0x00000287c0db0cc0, (CMBitMap*) 0x00000287c0db0d00
 Prev Bits: [0x00000287d92a0000, 0x00000287dd018000)
 Next Bits: [0x00000287dd020000, 0x00000287e0d98000)

Polling page: 0x00000287becf0000

Metaspace:

Usage:
  Non-class:      3.62 MB used.
      Class:    461.58 KB used.
       Both:      4.07 MB used.

Virtual space:
  Non-class space:       64.00 MB reserved,       3.69 MB (  6%) committed,  1 nodes.
      Class space:        1.00 GB reserved,     576.00 KB ( <1%) committed,  1 nodes.
             Both:        1.06 GB reserved,       4.25 MB ( <1%) committed. 

Chunk freelists:
   Non-Class:  10.45 MB
       Class:  15.48 MB
        Both:  25.93 MB

MaxMetaspaceSize: unlimited
CompressedClassSpaceSize: 1.00 GB
Initial GC threshold: 21.00 MB
Current GC threshold: 21.00 MB
CDS: on
MetaspaceReclaimPolicy: balanced
 - commit_granule_bytes: 65536.
 - commit_granule_words: 8192.
 - virtual_space_node_default_size: 8388608.
 - enlarge_chunks_in_place: 1.
 - new_chunks_are_fully_committed: 0.
 - uncommit_free_chunks: 1.
 - use_allocation_guard: 0.
 - handle_deallocations: 1.


Internal statistics:

num_allocs_failed_limit: 0.
num_arena_births: 90.
num_arena_deaths: 0.
num_vsnodes_births: 2.
num_vsnodes_deaths: 0.
num_space_committed: 68.
num_space_uncommitted: 0.
num_chunks_returned_to_freelist: 0.
num_chunks_taken_from_freelist: 185.
num_chunk_merges: 0.
num_chunk_splits: 118.
num_chunks_enlarged: 85.
num_inconsistent_stats: 0.

CodeHeap 'non-profiled nmethods': size=120000Kb used=319Kb max_used=319Kb free=119680Kb
 bounds [0x00000287d0330000, 0x00000287d05a0000, 0x00000287d7860000]
CodeHeap 'profiled nmethods': size=120000Kb used=1567Kb max_used=1567Kb free=118432Kb
 bounds [0x00000287c8860000, 0x00000287c8ad0000, 0x00000287cfd90000]
CodeHeap 'non-nmethods': size=5760Kb used=1144Kb max_used=1164Kb free=4615Kb
 bounds [0x00000287cfd90000, 0x00000287d0000000, 0x00000287d0330000]
 total_blobs=1323 nmethods=891 adapters=345
 compilation: enabled
              stopped_count=0, restarted_count=0
 full_count=0

Compilation events (20 events):
Event: 0.453 Thread 0x00000287e3849410  834       3       jdk.internal.org.objectweb.asm.SymbolTable$Entry::<init> (18 bytes)
Event: 0.453 Thread 0x00000287e3849410 nmethod 834 0x00000287c89cbe90 code [0x00000287c89cc040, 0x00000287c89cc1c8]
Event: 0.453 Thread 0x00000287e3849410  838       3       java.lang.invoke.LambdaForm$NamedFunction::returnType (11 bytes)
Event: 0.454 Thread 0x00000287e3849410 nmethod 838 0x00000287c89cc290 code [0x00000287c89cc480, 0x00000287c89cc908]
Event: 0.454 Thread 0x00000287e3849410  835       3       java.lang.invoke.MethodType::insertParameterTypes (121 bytes)
Event: 0.454 Thread 0x00000288297169d0  841       4       java.util.Objects::checkIndex (7 bytes)
Event: 0.454 Thread 0x00000287e3849410 nmethod 835 0x00000287c89ccb10 code [0x00000287c89ccde0, 0x00000287c89cdbe8]
Event: 0.454 Thread 0x00000287e3849410  839       3       jdk.internal.org.objectweb.asm.ByteVector::put11 (52 bytes)
Event: 0.454 Thread 0x00000288297169d0 nmethod 841 0x00000287d037b790 code [0x00000287d037b900, 0x00000287d037b998]
Event: 0.454 Thread 0x00000288297169d0  842       4       jdk.internal.util.Preconditions::checkIndex (18 bytes)
Event: 0.454 Thread 0x00000287e3849410 nmethod 839 0x00000287c89ce110 code [0x00000287c89ce2c0, 0x00000287c89ce4e8]
Event: 0.454 Thread 0x00000287e3849410  836   !   3       java.lang.invoke.MemberName$Factory::resolve (159 bytes)
Event: 0.455 Thread 0x00000288297169d0 nmethod 842 0x00000287d037ba90 code [0x00000287d037bc00, 0x00000287d037bc98]
Event: 0.455 Thread 0x00000288297169d0  843       4       java.util.ArrayList::elementData (7 bytes)
Event: 0.455 Thread 0x00000287e3849410 nmethod 836 0x00000287c89ce610 code [0x00000287c89ce840, 0x00000287c89cef48]
Event: 0.455 Thread 0x00000287e3849410  840       3       jdk.internal.org.objectweb.asm.Frame::push (59 bytes)
Event: 0.455 Thread 0x00000288297169d0 nmethod 843 0x00000287d037bd90 code [0x00000287d037bf00, 0x00000287d037bfb8]
Event: 0.455 Thread 0x00000287e3849410 nmethod 840 0x00000287c89cf210 code [0x00000287c89cf440, 0x00000287c89cfbb8]
Event: 0.456 Thread 0x00000288297169d0  844       4       java.lang.StringLatin1::inflate (34 bytes)
Event: 0.460 Thread 0x00000288297169d0 nmethod 844 0x00000287d037c490 code [0x00000287d037c600, 0x00000287d037c918]

GC Heap History (0 events):
No events

Dll operation events (10 events):
Event: 0.008 Loaded shared library C:\Users\criso\.jdks\corretto-17.0.10\bin\java.dll
Event: 0.024 Loaded shared library C:\Users\criso\.jdks\corretto-17.0.10\bin\jsvml.dll
Event: 0.102 Loaded shared library C:\Users\criso\.jdks\corretto-17.0.10\bin\zip.dll
Event: 0.104 Loaded shared library C:\Users\criso\.jdks\corretto-17.0.10\bin\instrument.dll
Event: 0.112 Loaded shared library C:\Users\criso\.jdks\corretto-17.0.10\bin\net.dll
Event: 0.115 Loaded shared library C:\Users\criso\.jdks\corretto-17.0.10\bin\nio.dll
Event: 0.116 Loaded shared library C:\Users\criso\.jdks\corretto-17.0.10\bin\zip.dll
Event: 0.186 Loaded shared library C:\Program Files\JetBrains\IntelliJ IDEA Community Edition 2023.3.4\bin\breakgen64.dll
Event: 0.196 Loaded shared library C:\Users\criso\.jdks\corretto-17.0.10\bin\extnet.dll
Event: 0.228 Loaded shared library C:\Users\criso\.jdks\corretto-17.0.10\bin\jimage.dll

Deoptimization events (20 events):
Event: 0.263 Thread 0x00000287c0d42580 Uncommon trap: trap_request=0xffffff45 fr.pc=0x00000287d03544b4 relative=0x0000000000000294
Event: 0.264 Thread 0x00000287c0d42580 Uncommon trap: reason=unstable_if action=reinterpret pc=0x00000287d03544b4 method=java.lang.String.startsWith(Ljava/lang/String;I)Z @ 14 c2
Event: 0.264 Thread 0x00000287c0d42580 DEOPT PACKING pc=0x00000287d03544b4 sp=0x000000cb5f5fc570
Event: 0.264 Thread 0x00000287c0d42580 DEOPT UNPACKING pc=0x00000287cfde69a3 sp=0x000000cb5f5fc4d0 mode 2
Event: 0.265 Thread 0x00000287c0d42580 DEOPT PACKING pc=0x00000287c88d4865 sp=0x000000cb5f5fcff0
Event: 0.265 Thread 0x00000287c0d42580 DEOPT UNPACKING pc=0x00000287cfde7143 sp=0x000000cb5f5fc440 mode 0
Event: 0.266 Thread 0x00000287c0d42580 Uncommon trap: trap_request=0xffffff45 fr.pc=0x00000287d0356a08 relative=0x0000000000000268
Event: 0.266 Thread 0x00000287c0d42580 Uncommon trap: reason=unstable_if action=reinterpret pc=0x00000287d0356a08 method=java.io.BufferedReader.read()I @ 19 c2
Event: 0.266 Thread 0x00000287c0d42580 DEOPT PACKING pc=0x00000287d0356a08 sp=0x000000cb5f5fcff0
Event: 0.266 Thread 0x00000287c0d42580 DEOPT UNPACKING pc=0x00000287cfde69a3 sp=0x000000cb5f5fcf30 mode 2
Event: 0.267 Thread 0x00000287c0d42580 Uncommon trap: trap_request=0xffffff45 fr.pc=0x00000287d0356418 relative=0x0000000000000278
Event: 0.267 Thread 0x00000287c0d42580 Uncommon trap: reason=unstable_if action=reinterpret pc=0x00000287d0356418 method=java.io.BufferedReader.read()I @ 19 c2
Event: 0.267 Thread 0x00000287c0d42580 DEOPT PACKING pc=0x00000287d0356418 sp=0x000000cb5f5fce50
Event: 0.267 Thread 0x00000287c0d42580 DEOPT UNPACKING pc=0x00000287cfde69a3 sp=0x000000cb5f5fce00 mode 2
Event: 0.300 Thread 0x00000287c0d42580 Uncommon trap: trap_request=0xffffff6e fr.pc=0x00000287d03579f8 relative=0x00000000000003d8
Event: 0.300 Thread 0x00000287c0d42580 Uncommon trap: reason=loop_limit_check action=maybe_recompile pc=0x00000287d03579f8 method=java.lang.StringLatin1.indexOf([BI[BII)I @ 37 c2
Event: 0.300 Thread 0x00000287c0d42580 DEOPT PACKING pc=0x00000287d03579f8 sp=0x000000cb5f5fdfa0
Event: 0.300 Thread 0x00000287c0d42580 DEOPT UNPACKING pc=0x00000287cfde69a3 sp=0x000000cb5f5fdf00 mode 2
Event: 0.456 Thread 0x00000287c0d42580 DEOPT PACKING pc=0x00000287c88a08be sp=0x000000cb5f5fc430
Event: 0.456 Thread 0x00000287c0d42580 DEOPT UNPACKING pc=0x00000287cfde7143 sp=0x000000cb5f5fb8a8 mode 0

Classes unloaded (0 events):
No events

Classes redefined (0 events):
No events

Internal exceptions (9 events):
Event: 0.189 Thread 0x00000287e3ae8d60 Exception <a 'java/lang/NoSuchMethodError'{0x0000000719152430}: 'java.lang.Object java.lang.invoke.DirectMethodHandle$Holder.invokeStaticInit(java.lang.Object)'> (0x0000000719152430) 
thrown [s\src\hotspot\share\interpreter\linkResolver.cpp, line 759]
Event: 0.197 Thread 0x00000287e3ae8d60 Exception <a 'java/lang/NoSuchMethodError'{0x0000000719160d48}: 'void java.lang.invoke.DirectMethodHandle$Holder.invokeStatic(java.lang.Object, java.lang.Object)'> (0x0000000719160d48) 
thrown [s\src\hotspot\share\interpreter\linkResolver.cpp, line 759]
Event: 0.264 Thread 0x00000287c0d42580 Exception <a 'java/lang/ClassNotFoundException'{0x0000000718f9d8d8}: javax/smartcardio/CardPermission> (0x0000000718f9d8d8) 
thrown [s\src\hotspot\share\classfile\systemDictionary.cpp, line 256]
Event: 0.267 Thread 0x00000287c0d42580 Exception <a 'java/io/FileNotFoundException'{0x0000000718faba98}> (0x0000000718faba98) 
thrown [s\src\hotspot\share\prims\jni.cpp, line 516]
Event: 0.293 Thread 0x00000287c0d42580 Exception <a 'java/lang/NoSuchMethodError'{0x0000000718c2ce90}: 'java.lang.Object java.lang.invoke.DirectMethodHandle$Holder.invokeSpecial(java.lang.Object, java.lang.Object, java.lang.Object, long, java.lang.Object)'> (0x0000000718c2ce90) 
thrown [s\src\hotspot\share\interpreter\linkResolver.cpp, line 759]
Event: 0.293 Thread 0x00000287c0d42580 Exception <a 'java/lang/NoSuchMethodError'{0x0000000718c30a60}: 'java.lang.Object java.lang.invoke.Invokers$Holder.linkToTargetMethod(java.lang.Object, long, java.lang.Object, java.lang.Object)'> (0x0000000718c30a60) 
thrown [s\src\hotspot\share\interpreter\linkResolver.cpp, line 759]
Event: 0.359 Thread 0x00000287c0d42580 Exception <a 'java/lang/NoSuchMethodError'{0x0000000718a5a0b8}: 'void java.lang.invoke.DirectMethodHandle$Holder.invokeStatic(java.lang.Object, java.lang.Object, java.lang.Object, java.lang.Object)'> (0x0000000718a5a0b8) 
thrown [s\src\hotspot\share\interpreter\linkResolver.cpp, line 759]
Event: 0.400 Thread 0x00000287c0d42580 Exception <a 'java/lang/NoSuchMethodError'{0x0000000718b8f2e0}: 'int java.lang.invoke.DirectMethodHandle$Holder.invokeStaticInit(java.lang.Object, java.lang.Object)'> (0x0000000718b8f2e0) 
thrown [s\src\hotspot\share\interpreter\linkResolver.cpp, line 759]
Event: 0.412 Thread 0x00000287c0d42580 Exception <a 'java/lang/NoSuchMethodError'{0x0000000718be2160}: 'void java.lang.invoke.DirectMethodHandle$Holder.invokeInterface(java.lang.Object, java.lang.Object, java.lang.Object, java.lang.Object)'> (0x0000000718be2160) 
thrown [s\src\hotspot\share\interpreter\linkResolver.cpp, line 759]

VM Operations (10 events):
Event: 0.093 Executing VM operation: HandshakeAllThreads
Event: 0.093 Executing VM operation: HandshakeAllThreads done
Event: 0.188 Executing VM operation: HandshakeAllThreads
Event: 0.188 Executing VM operation: HandshakeAllThreads done
Event: 0.225 Executing VM operation: HandshakeAllThreads
Event: 0.225 Executing VM operation: HandshakeAllThreads done
Event: 0.232 Executing VM operation: HandshakeAllThreads
Event: 0.232 Executing VM operation: HandshakeAllThreads done
Event: 0.328 Executing VM operation: HandshakeAllThreads
Event: 0.328 Executing VM operation: HandshakeAllThreads done

Events (20 events):
Event: 0.438 loading class java/lang/WeakPairMap$Pair$Weak
Event: 0.438 loading class java/lang/WeakPairMap$WeakRefPeer
Event: 0.438 loading class java/lang/WeakPairMap$WeakRefPeer done
Event: 0.438 loading class java/lang/WeakPairMap$Pair$Weak done
Event: 0.438 loading class java/lang/WeakPairMap$Pair$Weak$1
Event: 0.438 loading class java/lang/WeakPairMap$Pair$Weak$1 done
Event: 0.440 loading class java/lang/reflect/ProxyGenerator
Event: 0.441 loading class java/lang/reflect/ProxyGenerator done
Event: 0.441 loading class java/lang/reflect/ProxyGenerator$ProxyMethod
Event: 0.441 loading class java/lang/reflect/ProxyGenerator$ProxyMethod done
Event: 0.443 loading class java/lang/reflect/ProxyGenerator$PrimitiveTypeInfo
Event: 0.443 loading class java/lang/reflect/ProxyGenerator$PrimitiveTypeInfo done
Event: 0.443 loading class jdk/internal/org/objectweb/asm/Edge
Event: 0.443 loading class jdk/internal/org/objectweb/asm/Edge done
Event: 0.444 loading class java/lang/reflect/Proxy$ProxyBuilder$1
Event: 0.444 loading class java/lang/reflect/Proxy$ProxyBuilder$1 done
Event: 0.444 loading class java/lang/annotation/Target
Event: 0.445 loading class java/lang/annotation/Target done
Event: 0.448 loading class java/util/NoSuchElementException
Event: 0.448 loading class java/util/NoSuchElementException done


Dynamic libraries:
0x00007ff604fc0000 - 0x00007ff604fce000 	C:\Users\criso\.jdks\corretto-17.0.10\bin\java.exe
0x00007ffcc2ca0000 - 0x00007ffcc2ea9000 	C:\WINDOWS\SYSTEM32\ntdll.dll
0x00007ffcc1ba0000 - 0x00007ffcc1c5d000 	C:\WINDOWS\System32\KERNEL32.DLL
0x00007ffcc0640000 - 0x00007ffcc09c4000 	C:\WINDOWS\System32\KERNELBASE.dll
0x00007ffcc09d0000 - 0x00007ffcc0ae1000 	C:\WINDOWS\System32\ucrtbase.dll
0x00007ffca19e0000 - 0x00007ffca19fb000 	C:\Users\criso\.jdks\corretto-17.0.10\bin\VCRUNTIME140.dll
0x00007ffca1360000 - 0x00007ffca1377000 	C:\Users\criso\.jdks\corretto-17.0.10\bin\jli.dll
0x00007ffcc1f40000 - 0x00007ffcc20ed000 	C:\WINDOWS\System32\USER32.dll
0x00007ffcc03b0000 - 0x00007ffcc03d6000 	C:\WINDOWS\System32\win32u.dll
0x00007ffca53d0000 - 0x00007ffca5675000 	C:\WINDOWS\WinSxS\amd64_microsoft.windows.common-controls_6595b64144ccf1df_6.0.22000.120_none_9d947278b86cc467\COMCTL32.dll
0x00007ffcc1f10000 - 0x00007ffcc1f3a000 	C:\WINDOWS\System32\GDI32.dll
0x00007ffcc1dc0000 - 0x00007ffcc1e63000 	C:\WINDOWS\System32\msvcrt.dll
0x00007ffcc03e0000 - 0x00007ffcc04fe000 	C:\WINDOWS\System32\gdi32full.dll
0x00007ffcc02a0000 - 0x00007ffcc033d000 	C:\WINDOWS\System32\msvcp_win.dll
0x00007ffcc1d70000 - 0x00007ffcc1da1000 	C:\WINDOWS\System32\IMM32.DLL
0x00007ffcac0b0000 - 0x00007ffcac0bc000 	C:\Users\criso\.jdks\corretto-17.0.10\bin\vcruntime140_1.dll
0x00007ffc87cc0000 - 0x00007ffc87d4d000 	C:\Users\criso\.jdks\corretto-17.0.10\bin\msvcp140.dll
0x00007ffc02bf0000 - 0x00007ffc03852000 	C:\Users\criso\.jdks\corretto-17.0.10\bin\server\jvm.dll
0x00007ffcc0de0000 - 0x00007ffcc0e8e000 	C:\WINDOWS\System32\ADVAPI32.dll
0x00007ffcc2bc0000 - 0x00007ffcc2c5e000 	C:\WINDOWS\System32\sechost.dll
0x00007ffcc0cb0000 - 0x00007ffcc0dd1000 	C:\WINDOWS\System32\RPCRT4.dll
0x00007ffcbc4c0000 - 0x00007ffcbc4c9000 	C:\WINDOWS\SYSTEM32\WSOCK32.dll
0x00007ffcc0000000 - 0x00007ffcc004d000 	C:\WINDOWS\SYSTEM32\POWRPROF.dll
0x00007ffcb9ce0000 - 0x00007ffcb9d13000 	C:\WINDOWS\SYSTEM32\WINMM.dll
0x00007ffcc0c40000 - 0x00007ffcc0caf000 	C:\WINDOWS\System32\WS2_32.dll
0x00007ffcb6f10000 - 0x00007ffcb6f1a000 	C:\WINDOWS\SYSTEM32\VERSION.dll
0x00007ffcbfe40000 - 0x00007ffcbfe53000 	C:\WINDOWS\SYSTEM32\UMPDC.dll
0x00007ffcbf1a0000 - 0x00007ffcbf1b8000 	C:\WINDOWS\SYSTEM32\kernel.appcore.dll
0x00007ffcab2c0000 - 0x00007ffcab2ca000 	C:\Users\criso\.jdks\corretto-17.0.10\bin\jimage.dll
0x00007ffcbdcc0000 - 0x00007ffcbdee1000 	C:\WINDOWS\SYSTEM32\DBGHELP.DLL
0x00007ffcaa530000 - 0x00007ffcaa561000 	C:\WINDOWS\SYSTEM32\dbgcore.DLL
0x00007ffcc05c0000 - 0x00007ffcc063f000 	C:\WINDOWS\System32\bcryptPrimitives.dll
0x00007ffcbd2b0000 - 0x00007ffcbd2be000 	C:\Users\criso\.jdks\corretto-17.0.10\bin\instrument.dll
0x00007ffc9e190000 - 0x00007ffc9e1b5000 	C:\Users\criso\.jdks\corretto-17.0.10\bin\java.dll
0x00007ffc81ac0000 - 0x00007ffc81b97000 	C:\Users\criso\.jdks\corretto-17.0.10\bin\jsvml.dll
0x00007ffcc2110000 - 0x00007ffcc28d5000 	C:\WINDOWS\System32\SHELL32.dll
0x00007ffcbe200000 - 0x00007ffcbea62000 	C:\WINDOWS\SYSTEM32\windows.storage.dll
0x00007ffcc1730000 - 0x00007ffcc1aa6000 	C:\WINDOWS\System32\combase.dll
0x00007ffcbe090000 - 0x00007ffcbe1f7000 	C:\WINDOWS\SYSTEM32\wintypes.dll
0x00007ffcc1020000 - 0x00007ffcc110a000 	C:\WINDOWS\System32\SHCORE.dll
0x00007ffcc0be0000 - 0x00007ffcc0c3d000 	C:\WINDOWS\System32\shlwapi.dll
0x00007ffcc0060000 - 0x00007ffcc0085000 	C:\WINDOWS\SYSTEM32\profapi.dll
0x00007ffc9e0a0000 - 0x00007ffc9e0b8000 	C:\Users\criso\.jdks\corretto-17.0.10\bin\zip.dll
0x00007ffc9e7b0000 - 0x00007ffc9e7c9000 	C:\Users\criso\.jdks\corretto-17.0.10\bin\net.dll
0x00007ffcba0e0000 - 0x00007ffcba1f4000 	C:\WINDOWS\SYSTEM32\WINHTTP.dll
0x00007ffcbf650000 - 0x00007ffcbf6b7000 	C:\WINDOWS\system32\mswsock.dll
0x00007ffc9e6b0000 - 0x00007ffc9e6c6000 	C:\Users\criso\.jdks\corretto-17.0.10\bin\nio.dll
0x00007ffcb20b0000 - 0x00007ffcb20ca000 	C:\Program Files\JetBrains\IntelliJ IDEA Community Edition 2023.3.4\bin\breakgen64.dll
0x00007ffcaaa30000 - 0x00007ffcaaa39000 	C:\Users\criso\.jdks\corretto-17.0.10\bin\extnet.dll

dbghelp: loaded successfully - version: 4.0.5 - missing functions: none
symbol engine: initialized successfully - sym options: 0x614 - pdb path: .;C:\Users\criso\.jdks\corretto-17.0.10\bin;C:\WINDOWS\SYSTEM32;C:\WINDOWS\WinSxS\amd64_microsoft.windows.common-controls_6595b64144ccf1df_6.0.22000.120_none_9d947278b86cc467;C:\Users\criso\.jdks\corretto-17.0.10\bin\server;C:\Program Files\JetBrains\IntelliJ IDEA Community Edition 2023.3.4\bin

VM Arguments:
jvm_args: -javaagent:C:\Program Files\JetBrains\IntelliJ IDEA Community Edition 2023.3.4\lib\idea_rt.jar=62541:C:\Program Files\JetBrains\IntelliJ IDEA Community Edition 2023.3.4\bin -Dfile.encoding=UTF-8 
java_command: com.app.rest.SpringBootRestApplication
java_class_path (initial): C:\Users\criso\Downloads\Yenny\Apps\Learning\ApiRestJava17\SpringBootRest\SpringBootRest\target\classes;C:\Users\criso\.m2\repository\org\springframework\boot\spring-boot-starter-data-jpa\3.2.4\spring-boot-starter-data-jpa-3.2.4.jar;C:\Users\criso\.m2\repository\org\springframework\boot\spring-boot-starter-aop\3.2.4\spring-boot-starter-aop-3.2.4.jar;C:\Users\criso\.m2\repository\org\springframework\spring-aop\6.1.5\spring-aop-6.1.5.jar;C:\Users\criso\.m2\repository\org\aspectj\aspectjweaver\1.9.21\aspectjweaver-1.9.21.jar;C:\Users\criso\.m2\repository\org\springframework\boot\spring-boot-starter-jdbc\3.2.4\spring-boot-starter-jdbc-3.2.4.jar;C:\Users\criso\.m2\repository\com\zaxxer\HikariCP\5.0.1\HikariCP-5.0.1.jar;C:\Users\criso\.m2\repository\org\springframework\spring-jdbc\6.1.5\spring-jdbc-6.1.5.jar;C:\Users\criso\.m2\repository\org\hibernate\orm\hibernate-core\6.4.4.Final\hibernate-core-6.4.4.Final.jar;C:\Users\criso\.m2\repository\jakarta\persistence\jakarta.persistence-api\3.1.0\jakarta.persistence-api-3.1.0.jar;C:\Users\criso\.m2\repository\jakarta\transaction\jakarta.transaction-api\2.0.1\jakarta.transaction-api-2.0.1.jar;C:\Users\criso\.m2\repository\org\jboss\logging\jboss-logging\3.5.3.Final\jboss-logging-3.5.3.Final.jar;C:\Users\criso\.m2\repository\org\hibernate\common\hibernate-commons-annotations\6.0.6.Final\hibernate-commons-annotations-6.0.6.Final.jar;C:\Users\criso\.m2\repository\io\smallrye\jandex\3.1.2\jandex-3.1.2.jar;C:\Users\criso\.m2\repository\com\fasterxml\classmate\1.6.0\classmate-1.6.0.jar;C:\Users\criso\.m2\repository\net\bytebuddy\byte-buddy\1.14.12\byte-buddy-1.14.12.jar;C:\Users\criso\.m2\repository\org\glassfish\jaxb\jaxb-runtime\4.0.5\jaxb-runtime-4.0.5.jar;C:\Users\criso\.m2\repository\org\glassfish\jaxb\jaxb-core\4.0.5\jaxb-core-4.0.5.jar;C:\Users\criso\.m2\repository\org\eclipse\angus\angus-activation\2.0.2\angus-activation-2.0.2.jar;C:\Users\criso\.m2\repository\org\glassfish\jaxb\txw2\4.0.5\txw2-4.0
Launcher Type: SUN_STANDARD

[Global flags]
     intx CICompilerCount                          = 4                                         {product} {ergonomic}
     uint ConcGCThreads                            = 2                                         {product} {ergonomic}
     uint G1ConcRefinementThreads                  = 8                                         {product} {ergonomic}
   size_t G1HeapRegionSize                         = 2097152                                   {product} {ergonomic}
    uintx GCDrainStackTargetSize                   = 64                                        {product} {ergonomic}
   size_t InitialHeapSize                          = 257949696                                 {product} {ergonomic}
   size_t MarkStackSize                            = 4194304                                   {product} {ergonomic}
   size_t MaxHeapSize                              = 4125097984                                {product} {ergonomic}
   size_t MaxNewSize                               = 2474639360                                {product} {ergonomic}
   size_t MinHeapDeltaBytes                        = 2097152                                   {product} {ergonomic}
   size_t MinHeapSize                              = 8388608                                   {product} {ergonomic}
    uintx NonNMethodCodeHeapSize                   = 5839372                                {pd product} {ergonomic}
    uintx NonProfiledCodeHeapSize                  = 122909434                              {pd product} {ergonomic}
    uintx ProfiledCodeHeapSize                     = 122909434                              {pd product} {ergonomic}
    uintx ReservedCodeCacheSize                    = 251658240                              {pd product} {ergonomic}
     bool SegmentedCodeCache                       = true                                      {product} {ergonomic}
   size_t SoftMaxHeapSize                          = 4125097984                             {manageable} {ergonomic}
     bool UseCompressedClassPointers               = true                           {product lp64_product} {ergonomic}
     bool UseCompressedOops                        = true                           {product lp64_product} {ergonomic}
     bool UseG1GC                                  = true                                      {product} {ergonomic}
     bool UseLargePagesIndividualAllocation        = false                                  {pd product} {ergonomic}

Logging:
Log output configuration:
 #0: stdout all=warning uptime,level,tags
 #1: stderr all=off uptime,level,tags

Environment Variables:
PATH=C:\WINDOWS\system32;C:\WINDOWS;C:\WINDOWS\System32\Wbem;C:\WINDOWS\System32\WindowsPowerShell\v1.0\;C:\WINDOWS\System32\OpenSSH\;C:\Program Files\Git\cmd;C:\Users\criso\AppData\Local\Programs\Python\Launcher\;C:\Users\criso\AppData\Local\Microsoft\WindowsApps;;C:\Program Files\JetBrains\IntelliJ IDEA Community Edition 2023.3.4\bin;;C:\Users\criso\AppData\Local\Programs\Microsoft VS Code\bin
USERNAME=criso
OS=Windows_NT
PROCESSOR_IDENTIFIER=AMD64 Family 23 Model 96 Stepping 1, AuthenticAMD
TMP=C:\Users\criso\AppData\Local\Temp
TEMP=C:\Users\criso\AppData\Local\Temp



Periodic native trim disabled


---------------  S Y S T E M  ---------------

OS:
 Windows 11 , 64 bit Build 22000 (10.0.22000.2538)
OS uptime: 33 days 10:40 hours

CPU: total 8 (initial active 8) (8 cores per cpu, 1 threads per core) family 23 model 96 stepping 1 microcode 0x0, cx8, cmov, fxsr, mmx, 3dnowpref, sse, sse2, sse3, ssse3, sse4a, sse4.1, sse4.2, popcnt, lzcnt, tsc, tscinvbit, avx, avx2, aes, clmul, bmi1, bmi2, adx, sha, fma, vzeroupper, clflush, clflushopt
Processor Information for all 8 processors :
  Max Mhz: 2000, Current Mhz: 2000, Mhz Limit: 2000

Memory: 4k page, system-wide physical 15734M (1005M free)
TotalPageFile size 46099M (AvailPageFile size 5M)
current process WorkingSet (physical memory assigned to process): 84M, peak: 84M
current process commit charge ("private bytes"): 366M, peak: 367M

vm_info: OpenJDK 64-Bit Server VM (17.0.10+7-LTS) for windows-amd64 JRE (17.0.10+7-LTS), built on Jan 10 2024 22:11:07 by "Administrator" with MS VC++ 16.10 / 16.11 (VS2019)

END.
