#
# There is insufficient memory for the Java Runtime Environment to continue.
# Native memory allocation (mmap) failed to map 257949696 bytes for G1 virtual space
# Possible reasons:
#   The system is out of physical RAM or swap space
#   The process is running with CompressedOops enabled, and the Java Heap may be blocking the growth of the native heap
# Possible solutions:
#   Reduce memory load on the system
#   Increase physical memory or swap space
#   Check if swap backing store is full
#   Decrease Java heap size (-Xmx/-Xms)
#   Decrease number of Java threads
#   Decrease Java thread stack sizes (-Xss)
#   Set larger code cache with -XX:ReservedCodeCacheSize=
#   JVM is running with Zero Based Compressed Oops mode in which the Java heap is
#     placed in the first 32GB address space. The Java Heap base address is the
#     maximum limit for the native heap growth. Please use -XX:HeapBaseMinAddress
#     to set the Java Heap base and to place the Java Heap above 32GB virtual address.
# This output file may be truncated or incomplete.
#
#  Out of Memory Error (os_windows.cpp:3613), pid=78468, tid=226772
#
# JRE version:  (17.0.10+7) (build )
# Java VM: OpenJDK 64-Bit Server VM (17.0.10+7-LTS, mixed mode, sharing, tiered, compressed oops, compressed class ptrs, g1 gc, windows-amd64)
# No core dump will be written. Minidumps are not enabled by default on client versions of Windows
#

---------------  S U M M A R Y ------------

Command Line: -javaagent:C:\Program Files\JetBrains\IntelliJ IDEA Community Edition 2023.3.4\lib\idea_rt.jar=52013:C:\Program Files\JetBrains\IntelliJ IDEA Community Edition 2023.3.4\bin -Dfile.encoding=UTF-8 com.app.rest.SpringBootRestApplication

Host: AMD Ryzen 7 4700U with Radeon Graphics         , 8 cores, 15G,  Windows 11 , 64 bit Build 22000 (10.0.22000.2538)
Time: Thu Apr  4 21:24:16 2024 Hora verano Sudamérica Pacífico elapsed time: 0.016724 seconds (0d 0h 0m 0s)

---------------  T H R E A D  ---------------

Current thread (0x0000012d7d594300):  JavaThread "Unknown thread" [_thread_in_vm, id=226772, stack(0x0000000e0d300000,0x0000000e0d400000)]

Stack: [0x0000000e0d300000,0x0000000e0d400000]
Native frames: (J=compiled Java code, j=interpreted, Vv=VM code, C=native code)
V  [jvm.dll+0x67d2c9]
V  [jvm.dll+0x834b1a]
V  [jvm.dll+0x8365de]
V  [jvm.dll+0x836c43]
V  [jvm.dll+0x2477ff]
V  [jvm.dll+0x67a109]
V  [jvm.dll+0x66eb7a]
V  [jvm.dll+0x30764b]
V  [jvm.dll+0x30eaf6]
V  [jvm.dll+0x35e83e]
V  [jvm.dll+0x35ea6f]
V  [jvm.dll+0x2de248]
V  [jvm.dll+0x2df1b4]
V  [jvm.dll+0x806381]
V  [jvm.dll+0x36c6f1]
V  [jvm.dll+0x7e4e26]
V  [jvm.dll+0x3eff3f]
V  [jvm.dll+0x3f1b71]
C  [jli.dll+0x528f]
C  [ucrtbase.dll+0x26c0c]
C  [KERNEL32.DLL+0x153e0]
C  [ntdll.dll+0x485b]


---------------  P R O C E S S  ---------------

Threads class SMR info:
_java_thread_list=0x00007ffc75aaee98, length=0, elements={
}

Java Threads: ( => current thread )

Other Threads:
  0x0000012d7d5fc8a0 GCTaskThread "GC Thread#0" [stack: 0x0000000e0d400000,0x0000000e0d500000] [id=206488]
  0x0000012d7d60e3f0 ConcurrentGCThread "G1 Main Marker" [stack: 0x0000000e0d500000,0x0000000e0d600000] [id=219568]
  0x0000012d7d60ec20 ConcurrentGCThread "G1 Conc#0" [stack: 0x0000000e0d600000,0x0000000e0d700000] [id=225480]

[error occurred during error reporting (printing all threads), id 0xc0000005, EXCEPTION_ACCESS_VIOLATION (0xc0000005) at pc=0x00007ffc7526ec87]

VM state: not at safepoint (not fully initialized)

VM Mutex/Monitor currently owned by a thread:  ([mutex/lock_event])
[0x0000012d7d58fad0] Heap_lock - owner thread: 0x0000012d7d594300

Heap address: 0x000000070a200000, size: 3934 MB, Compressed Oops mode: Zero based, Oop shift amount: 3

CDS archive(s) mapped at: [0x0000000000000000-0x0000000000000000-0x0000000000000000), size 0, SharedBaseAddress: 0x0000000800000000, ArchiveRelocationMode: 1.
Narrow klass base: 0x0000000000000000, Narrow klass shift: 0, Narrow klass range: 0x0

GC Precious Log:
<Empty>

Heap:
 garbage-first heap   total 0K, used 0K [0x000000070a200000, 0x0000000800000000)
  region size 2048K, 0 young (0K), 0 survivors (0K)

[error occurred during error reporting (printing heap information), id 0xc0000005, EXCEPTION_ACCESS_VIOLATION (0xc0000005) at pc=0x00007ffc75656fb9]

GC Heap History (0 events):
No events

Dll operation events (1 events):
Event: 0.011 Loaded shared library C:\Users\criso\.jdks\corretto-17.0.10\bin\java.dll

Deoptimization events (0 events):
No events

Classes unloaded (0 events):
No events

Classes redefined (0 events):
No events

Internal exceptions (0 events):
No events

VM Operations (0 events):
No events

Events (0 events):
No events


Dynamic libraries:
0x00007ff70e5e0000 - 0x00007ff70e5ee000 	C:\Users\criso\.jdks\corretto-17.0.10\bin\java.exe
0x00007ffcc2ca0000 - 0x00007ffcc2ea9000 	C:\WINDOWS\SYSTEM32\ntdll.dll
0x00007ffcc1ba0000 - 0x00007ffcc1c5d000 	C:\WINDOWS\System32\KERNEL32.DLL
0x00007ffcc0640000 - 0x00007ffcc09c4000 	C:\WINDOWS\System32\KERNELBASE.dll
0x00007ffcc09d0000 - 0x00007ffcc0ae1000 	C:\WINDOWS\System32\ucrtbase.dll
0x00007ffcb07d0000 - 0x00007ffcb07e7000 	C:\Users\criso\.jdks\corretto-17.0.10\bin\jli.dll
0x00007ffcb0820000 - 0x00007ffcb083b000 	C:\Users\criso\.jdks\corretto-17.0.10\bin\VCRUNTIME140.dll
0x00007ffcc1f40000 - 0x00007ffcc20ed000 	C:\WINDOWS\System32\USER32.dll
0x00007ffcc03b0000 - 0x00007ffcc03d6000 	C:\WINDOWS\System32\win32u.dll
0x00007ffcc1f10000 - 0x00007ffcc1f3a000 	C:\WINDOWS\System32\GDI32.dll
0x00007ffca53d0000 - 0x00007ffca5675000 	C:\WINDOWS\WinSxS\amd64_microsoft.windows.common-controls_6595b64144ccf1df_6.0.22000.120_none_9d947278b86cc467\COMCTL32.dll
0x00007ffcc1dc0000 - 0x00007ffcc1e63000 	C:\WINDOWS\System32\msvcrt.dll
0x00007ffcc03e0000 - 0x00007ffcc04fe000 	C:\WINDOWS\System32\gdi32full.dll
0x00007ffcc02a0000 - 0x00007ffcc033d000 	C:\WINDOWS\System32\msvcp_win.dll
0x00007ffcc1d70000 - 0x00007ffcc1da1000 	C:\WINDOWS\System32\IMM32.DLL
0x00007ffcb0910000 - 0x00007ffcb091c000 	C:\Users\criso\.jdks\corretto-17.0.10\bin\vcruntime140_1.dll
0x00007ffc9e1c0000 - 0x00007ffc9e24d000 	C:\Users\criso\.jdks\corretto-17.0.10\bin\msvcp140.dll
0x00007ffc74f80000 - 0x00007ffc75be2000 	C:\Users\criso\.jdks\corretto-17.0.10\bin\server\jvm.dll
0x00007ffcc0de0000 - 0x00007ffcc0e8e000 	C:\WINDOWS\System32\ADVAPI32.dll
0x00007ffcc2bc0000 - 0x00007ffcc2c5e000 	C:\WINDOWS\System32\sechost.dll
0x00007ffcc0cb0000 - 0x00007ffcc0dd1000 	C:\WINDOWS\System32\RPCRT4.dll
0x00007ffcb9ce0000 - 0x00007ffcb9d13000 	C:\WINDOWS\SYSTEM32\WINMM.dll
0x00007ffcbc4c0000 - 0x00007ffcbc4c9000 	C:\WINDOWS\SYSTEM32\WSOCK32.dll
0x00007ffcc0c40000 - 0x00007ffcc0caf000 	C:\WINDOWS\System32\WS2_32.dll
0x00007ffcb6f10000 - 0x00007ffcb6f1a000 	C:\WINDOWS\SYSTEM32\VERSION.dll
0x00007ffcc0000000 - 0x00007ffcc004d000 	C:\WINDOWS\SYSTEM32\POWRPROF.dll
0x00007ffcbfe40000 - 0x00007ffcbfe53000 	C:\WINDOWS\SYSTEM32\UMPDC.dll
0x00007ffcbf1a0000 - 0x00007ffcbf1b8000 	C:\WINDOWS\SYSTEM32\kernel.appcore.dll
0x00007ffcb0810000 - 0x00007ffcb081a000 	C:\Users\criso\.jdks\corretto-17.0.10\bin\jimage.dll
0x00007ffcbdcc0000 - 0x00007ffcbdee1000 	C:\WINDOWS\SYSTEM32\DBGHELP.DLL
0x00007ffcaa530000 - 0x00007ffcaa561000 	C:\WINDOWS\SYSTEM32\dbgcore.DLL
0x00007ffcc05c0000 - 0x00007ffcc063f000 	C:\WINDOWS\System32\bcryptPrimitives.dll
0x00007ffcaecc0000 - 0x00007ffcaecce000 	C:\Users\criso\.jdks\corretto-17.0.10\bin\instrument.dll
0x00007ffcadec0000 - 0x00007ffcadee5000 	C:\Users\criso\.jdks\corretto-17.0.10\bin\java.dll

dbghelp: loaded successfully - version: 4.0.5 - missing functions: none
symbol engine: initialized successfully - sym options: 0x614 - pdb path: .;C:\Users\criso\.jdks\corretto-17.0.10\bin;C:\WINDOWS\SYSTEM32;C:\WINDOWS\WinSxS\amd64_microsoft.windows.common-controls_6595b64144ccf1df_6.0.22000.120_none_9d947278b86cc467;C:\Users\criso\.jdks\corretto-17.0.10\bin\server

VM Arguments:
jvm_args: -javaagent:C:\Program Files\JetBrains\IntelliJ IDEA Community Edition 2023.3.4\lib\idea_rt.jar=52013:C:\Program Files\JetBrains\IntelliJ IDEA Community Edition 2023.3.4\bin -Dfile.encoding=UTF-8 
java_command: com.app.rest.SpringBootRestApplication
java_class_path (initial): C:\Users\criso\Downloads\Yenny\Apps\Learning\ApiRestJava17\SpringBootRest\SpringBootRest\target\classes;C:\Users\criso\.m2\repository\org\springframework\boot\spring-boot-starter-data-jpa\3.2.4\spring-boot-starter-data-jpa-3.2.4.jar;C:\Users\criso\.m2\repository\org\springframework\boot\spring-boot-starter-aop\3.2.4\spring-boot-starter-aop-3.2.4.jar;C:\Users\criso\.m2\repository\org\springframework\spring-aop\6.1.5\spring-aop-6.1.5.jar;C:\Users\criso\.m2\repository\org\aspectj\aspectjweaver\1.9.21\aspectjweaver-1.9.21.jar;C:\Users\criso\.m2\repository\org\springframework\boot\spring-boot-starter-jdbc\3.2.4\spring-boot-starter-jdbc-3.2.4.jar;C:\Users\criso\.m2\repository\com\zaxxer\HikariCP\5.0.1\HikariCP-5.0.1.jar;C:\Users\criso\.m2\repository\org\springframework\spring-jdbc\6.1.5\spring-jdbc-6.1.5.jar;C:\Users\criso\.m2\repository\org\hibernate\orm\hibernate-core\6.4.4.Final\hibernate-core-6.4.4.Final.jar;C:\Users\criso\.m2\repository\jakarta\persistence\jakarta.persistence-api\3.1.0\jakarta.persistence-api-3.1.0.jar;C:\Users\criso\.m2\repository\jakarta\transaction\jakarta.transaction-api\2.0.1\jakarta.transaction-api-2.0.1.jar;C:\Users\criso\.m2\repository\org\jboss\logging\jboss-logging\3.5.3.Final\jboss-logging-3.5.3.Final.jar;C:\Users\criso\.m2\repository\org\hibernate\common\hibernate-commons-annotations\6.0.6.Final\hibernate-commons-annotations-6.0.6.Final.jar;C:\Users\criso\.m2\repository\io\smallrye\jandex\3.1.2\jandex-3.1.2.jar;C:\Users\criso\.m2\repository\com\fasterxml\classmate\1.6.0\classmate-1.6.0.jar;C:\Users\criso\.m2\repository\net\bytebuddy\byte-buddy\1.14.12\byte-buddy-1.14.12.jar;C:\Users\criso\.m2\repository\org\glassfish\jaxb\jaxb-runtime\4.0.5\jaxb-runtime-4.0.5.jar;C:\Users\criso\.m2\repository\org\glassfish\jaxb\jaxb-core\4.0.5\jaxb-core-4.0.5.jar;C:\Users\criso\.m2\repository\org\eclipse\angus\angus-activation\2.0.2\angus-activation-2.0.2.jar;C:\Users\criso\.m2\repository\org\glassfish\jaxb\txw2\4.0.5\txw2-4.0
Launcher Type: SUN_STANDARD

[Global flags]
     intx CICompilerCount                          = 4                                         {product} {ergonomic}
     uint ConcGCThreads                            = 2                                         {product} {ergonomic}
     uint G1ConcRefinementThreads                  = 8                                         {product} {ergonomic}
   size_t G1HeapRegionSize                         = 2097152                                   {product} {ergonomic}
    uintx GCDrainStackTargetSize                   = 64                                        {product} {ergonomic}
   size_t InitialHeapSize                          = 257949696                                 {product} {ergonomic}
   size_t MarkStackSize                            = 4194304                                   {product} {ergonomic}
   size_t MaxHeapSize                              = 4125097984                                {product} {ergonomic}
   size_t MinHeapDeltaBytes                        = 2097152                                   {product} {ergonomic}
   size_t MinHeapSize                              = 8388608                                   {product} {ergonomic}
    uintx NonNMethodCodeHeapSize                   = 5839372                                {pd product} {ergonomic}
    uintx NonProfiledCodeHeapSize                  = 122909434                              {pd product} {ergonomic}
    uintx ProfiledCodeHeapSize                     = 122909434                              {pd product} {ergonomic}
    uintx ReservedCodeCacheSize                    = 251658240                              {pd product} {ergonomic}
     bool SegmentedCodeCache                       = true                                      {product} {ergonomic}
   size_t SoftMaxHeapSize                          = 4125097984                             {manageable} {ergonomic}
     bool UseCompressedClassPointers               = true                           {product lp64_product} {ergonomic}
     bool UseCompressedOops                        = true                           {product lp64_product} {ergonomic}
     bool UseG1GC                                  = true                                      {product} {ergonomic}
     bool UseLargePagesIndividualAllocation        = false                                  {pd product} {ergonomic}

Logging:
Log output configuration:
 #0: stdout all=warning uptime,level,tags
 #1: stderr all=off uptime,level,tags

Environment Variables:
PATH=C:\WINDOWS\system32;C:\WINDOWS;C:\WINDOWS\System32\Wbem;C:\WINDOWS\System32\WindowsPowerShell\v1.0\;C:\WINDOWS\System32\OpenSSH\;C:\Program Files\Git\cmd;C:\Users\criso\AppData\Local\Programs\Python\Launcher\;C:\Users\criso\AppData\Local\Microsoft\WindowsApps;;C:\Program Files\JetBrains\IntelliJ IDEA Community Edition 2023.3.4\bin;;C:\Users\criso\AppData\Local\Programs\Microsoft VS Code\bin
USERNAME=criso
OS=Windows_NT
PROCESSOR_IDENTIFIER=AMD64 Family 23 Model 96 Stepping 1, AuthenticAMD
TMP=C:\Users\criso\AppData\Local\Temp
TEMP=C:\Users\criso\AppData\Local\Temp



Periodic native trim disabled


---------------  S Y S T E M  ---------------

OS:
 Windows 11 , 64 bit Build 22000 (10.0.22000.2538)
OS uptime: 33 days 13:02 hours

CPU: total 8 (initial active 8) (8 cores per cpu, 1 threads per core) family 23 model 96 stepping 1 microcode 0x0, cx8, cmov, fxsr, mmx, 3dnowpref, sse, sse2, sse3, ssse3, sse4a, sse4.1, sse4.2, popcnt, lzcnt, tsc, tscinvbit, avx, avx2, aes, clmul, bmi1, bmi2, adx, sha, fma, vzeroupper, clflush, clflushopt
Processor Information for all 8 processors :
  Max Mhz: 2000, Current Mhz: 2000, Mhz Limit: 2000

Memory: 4k page, system-wide physical 15734M (1073M free)
TotalPageFile size 46099M (AvailPageFile size 129M)
current process WorkingSet (physical memory assigned to process): 10M, peak: 10M
current process commit charge ("private bytes"): 60M, peak: 306M

vm_info: OpenJDK 64-Bit Server VM (17.0.10+7-LTS) for windows-amd64 JRE (17.0.10+7-LTS), built on Jan 10 2024 22:11:07 by "Administrator" with MS VC++ 16.10 / 16.11 (VS2019)

END.
